Hello world
01_script.sh
02_script.sh
03_array.sh
04_key-value.sh
05_string_ops.sh
06_user_interaction.sh
07_arthimaticOperations.sh
08_conditionals_if_else.sh
09_elif.sh
10_elif2.sh
11_case_switchcase.sh
12_case.sh
13_forloop.sh
14_forInFile.sh
15_forwithArray.sh
16_whileloop.sh
17_infiniteloop.sh
18_for_infinite_loop.sh
19_until_loop.sh
20_while_read_file.sh
21_while_reading_csv.sh
22_while_file_read.sh
23_functions.sh
24_function_alternative_way.sh
25_functions_wth_arguments.sh
26_calculator.sh
27_args.sh
28_shift_args.sh
29_break.sh
30_continue.sh
31_args.sh
32_connectivity_check.sh
33_filecheck.sh
34_bash_variables.sh
35_dice.sh
36_root_user_check.sh
37_redirection.sh
38_redirect_connectivity_test.sh
39_scriptname.sh
40_logger.sh
41_debug.sh
42_exit_flag.sh
43_combined.sh
44_nohup.sh
45_automation_at.sh
automation_cron.sh
names.csv
names.txt
nohup.out
redirect.log
test
yash.txt
